<?xml version="1.0" encoding="UTF-8"?>
<!-- Generated by org.testng.reporters.JUnitReportReporter -->
<testsuite skipped="0" hostname="Touseef-Mac" name="com.leafBot.testcases.TC001_LoginLogout" tests="2" failures="0" timestamp="08 Sep 2019 10:34:36 GMT" time="22.202" errors="0">
  <testcase name="runTC001" time="9.776" classname="com.leafBot.testcases.TC001_LoginLogout"/>
  <testcase name="runTC001" time="12.426" classname="com.leafBot.testcases.TC001_LoginLogout"/>
</testsuite> <!-- com.leafBot.testcases.TC001_LoginLogout -->
